Release 12.4 - xst M.81d (nt)
Copyright (c) 1995-2010 Xilinx, Inc.  All rights reserved.
--> Parameter TMPDIR set to xst/projnav.tmp


Total REAL time to Xst completion: 0.00 secs
Total CPU time to Xst completion: 0.28 secs
 
--> Parameter xsthdpdir set to xst


Total REAL time to Xst completion: 0.00 secs
Total CPU time to Xst completion: 0.28 secs
 
--> Reading design: vga.prj

TABLE OF CONTENTS
  1) Synthesis Options Summary
  2) HDL Compilation
  3) Design Hierarchy Analysis
  4) HDL Analysis
  5) HDL Synthesis
     5.1) HDL Synthesis Report
  6) Advanced HDL Synthesis
     6.1) Advanced HDL Synthesis Report
  7) Low Level Synthesis
  8) Partition Report
  9) Final Report
	9.1) Device utilization summary
	9.2) Partition Resource Summary
	9.3) TIMING REPORT


=========================================================================
*                      Synthesis Options Summary                        *
=========================================================================
---- Source Parameters
Input File Name                    : "vga.prj"
Input Format                       : mixed
Ignore Synthesis Constraint File   : NO

---- Target Parameters
Output File Name                   : "vga"
Output Format                      : NGC
Target Device                      : xc3s500e-4-fg320

---- Source Options
Top Module Name                    : vga
Automatic FSM Extraction           : YES
FSM Encoding Algorithm             : Auto
Safe Implementation                : No
FSM Style                          : LUT
RAM Extraction                     : Yes
RAM Style                          : Auto
ROM Extraction                     : Yes
Mux Style                          : Auto
Decoder Extraction                 : YES
Priority Encoder Extraction        : Yes
Shift Register Extraction          : YES
Logical Shifter Extraction         : YES
XOR Collapsing                     : YES
ROM Style                          : Auto
Mux Extraction                     : Yes
Resource Sharing                   : YES
Asynchronous To Synchronous        : NO
Multiplier Style                   : Auto
Automatic Register Balancing       : No

---- Target Options
Add IO Buffers                     : YES
Global Maximum Fanout              : 500
Add Generic Clock Buffer(BUFG)     : 24
Register Duplication               : YES
Slice Packing                      : YES
Optimize Instantiated Primitives   : NO
Use Clock Enable                   : Yes
Use Synchronous Set                : Yes
Use Synchronous Reset              : Yes
Pack IO Registers into IOBs        : Auto
Equivalent register Removal        : YES

---- General Options
Optimization Goal                  : Speed
Optimization Effort                : 1
Keep Hierarchy                     : No
Netlist Hierarchy                  : As_Optimized
RTL Output                         : Yes
Global Optimization                : AllClockNets
Read Cores                         : YES
Write Timing Constraints           : NO
Cross Clock Analysis               : NO
Hierarchy Separator                : /
Bus Delimiter                      : <>
Case Specifier                     : Maintain
Slice Utilization Ratio            : 100
BRAM Utilization Ratio             : 100
Verilog 2001                       : YES
Auto BRAM Packing                  : NO
Slice Utilization Ratio Delta      : 5

=========================================================================


=========================================================================
*                          HDL Compilation                              *
=========================================================================
Compiling verilog file "vga_controller.v" in library work
Compiling verilog file "vga2.v" in library work
Module <vga_controller> compiled
Module <vga> compiled
No errors in compilation
Analysis of file <"vga.prj"> succeeded.
 

=========================================================================
*                     Design Hierarchy Analysis                         *
=========================================================================
Analyzing hierarchy for module <vga> in library <work>.

Analyzing hierarchy for module <vga_controller> in library <work>.


=========================================================================
*                            HDL Analysis                               *
=========================================================================
Analyzing top module <vga>.
Module <vga> is correct for synthesis.
 
Analyzing module <vga_controller> in library <work>.
Module <vga_controller> is correct for synthesis.
 

=========================================================================
*                           HDL Synthesis                               *
=========================================================================

Performing bidirectional port resolution...

Synthesizing Unit <vga_controller>.
    Related source file is "vga_controller.v".
WARNING:Xst:646 - Signal <video_enable> is assigned but never used. This unconnected signal will be trimmed during the optimization process.
    Found 1-bit register for signal <vblank>.
    Found 1-bit register for signal <hs>.
    Found 1-bit register for signal <vs>.
    Found 11-bit comparator greatequal for signal <blanking$cmp_ge0000> created at line 74.
    Found 11-bit up counter for signal <hcounter>.
    Found 11-bit comparator greatequal for signal <hs$cmp_ge0000> created at line 55.
    Found 11-bit comparator less for signal <hs$cmp_lt0000> created at line 55.
    Found 11-bit up counter for signal <vcounter>.
    Found 11-bit comparator greatequal for signal <vs$cmp_ge0000> created at line 62.
    Found 11-bit comparator less for signal <vs$cmp_lt0000> created at line 62.
    Summary:
	inferred   2 Counter(s).
	inferred   3 D-type flip-flop(s).
	inferred   5 Comparator(s).
Unit <vga_controller> synthesized.


Synthesizing Unit <vga>.
    Related source file is "vga2.v".
WARNING:Xst:1780 - Signal <counter> is never used or assigned. This unconnected signal will be trimmed during the optimization process.
WARNING:Xst:646 - Signal <blank> is assigned but never used. This unconnected signal will be trimmed during the optimization process.
    Register <red> equivalent to <green> has been removed
    Found 2-bit register for signal <blue>.
    Found 3-bit register for signal <green>.
    Found 1-bit register for signal <ball_h_dir>.
    Found 11-bit adder for signal <ball_h_dir$add0000> created at line 82.
    Found 11-bit comparator greatequal for signal <ball_h_dir$cmp_ge0000> created at line 87.
    Found 11-bit comparator less for signal <ball_h_dir$cmp_lt0000> created at line 82.
    Found 11-bit updown accumulator for signal <ball_h_init>.
    Found 11-bit adder for signal <ball_h_init$addsub0000> created at line 82.
    Found 11-bit comparator greatequal for signal <ball_h_init$cmp_ge0000> created at line 82.
    Found 11-bit comparator less for signal <ball_h_init$cmp_lt0000> created at line 87.
    Found 5-bit register for signal <ball_speed>.
    Found 1-bit register for signal <ball_v_dir>.
    Found 11-bit adder for signal <ball_v_dir$add0000> created at line 94.
    Found 11-bit comparator greatequal for signal <ball_v_dir$cmp_ge0000> created at line 99.
    Found 11-bit comparator less for signal <ball_v_dir$cmp_lt0000> created at line 94.
    Found 11-bit updown accumulator for signal <ball_v_init>.
    Found 11-bit adder for signal <ball_v_init$addsub0000> created at line 94.
    Found 11-bit comparator greatequal for signal <ball_v_init$cmp_ge0000> created at line 94.
    Found 11-bit comparator less for signal <ball_v_init$cmp_lt0000> created at line 99.
    Found 1-bit register for signal <clk_2>.
    Found 11-bit adder for signal <green$add0002> created at line 67.
    Found 11-bit adder for signal <green$add0003> created at line 67.
    Found 11-bit comparator greatequal for signal <green$cmp_ge0000> created at line 67.
    Found 11-bit comparator greatequal for signal <green$cmp_ge0001> created at line 67.
    Found 11-bit comparator lessequal for signal <green$cmp_le0000> created at line 67.
    Found 11-bit comparator lessequal for signal <green$cmp_le0001> created at line 67.
    Summary:
	inferred   2 Accumulator(s).
	inferred  13 D-type flip-flop(s).
	inferred   6 Adder/Subtractor(s).
	inferred  12 Comparator(s).
Unit <vga> synthesized.


=========================================================================
HDL Synthesis Report

Macro Statistics
# Adders/Subtractors                                   : 6
 11-bit adder                                          : 6
# Counters                                             : 2
 11-bit up counter                                     : 2
# Accumulators                                         : 2
 11-bit updown accumulator                             : 2
# Registers                                            : 9
 1-bit register                                        : 6
 2-bit register                                        : 1
 3-bit register                                        : 1
 5-bit register                                        : 1
# Comparators                                          : 17
 11-bit comparator greatequal                          : 9
 11-bit comparator less                                : 6
 11-bit comparator lessequal                           : 2

=========================================================================

=========================================================================
*                       Advanced HDL Synthesis                          *
=========================================================================

WARNING:Xst:1710 - FF/Latch <ball_speed_4> (without init value) has a constant value of 0 in block <vga>. This FF/Latch will be trimmed during the optimization process.
